0 info it worked if it ends with ok
1 verbose cli [ '/usr/local/bin/node', '/usr/local/bin/npm', 'publish' ]
2 info using npm@2.11.2
3 info using node@v0.12.5
4 verbose publish [ '.' ]
5 silly cache add args [ '.', null ]
6 verbose cache add spec .
7 silly cache add parsed spec { raw: '.',
7 silly cache add   scope: null,
7 silly cache add   name: null,
7 silly cache add   rawSpec: '.',
7 silly cache add   spec: '/home/clevercoding/Desktop/parcel',
7 silly cache add   type: 'directory' }
8 verbose addLocalDirectory /home/clevercoding/.npm/parcel-luxe/1.0.0/package.tgz not in flight; packing
9 verbose tar pack [ '/home/clevercoding/.npm/parcel-luxe/1.0.0/package.tgz',
9 verbose tar pack   '/home/clevercoding/Desktop/parcel' ]
10 verbose tarball /home/clevercoding/.npm/parcel-luxe/1.0.0/package.tgz
11 verbose folder /home/clevercoding/Desktop/parcel
12 info prepublish parcel-luxe@1.0.0
13 verbose addLocalTarball adding from inside cache /home/clevercoding/.npm/parcel-luxe/1.0.0/package.tgz
14 silly cache afterAdd parcel-luxe@1.0.0
15 verbose afterAdd /home/clevercoding/.npm/parcel-luxe/1.0.0/package/package.json not in flight; writing
16 verbose afterAdd /home/clevercoding/.npm/parcel-luxe/1.0.0/package/package.json written
17 silly publish { name: 'parcel-luxe',
17 silly publish   version: '1.0.0',
17 silly publish   description: 'Parcel generator for luxe',
17 silly publish   main: 'index.js',
17 silly publish   scripts: { test: 'echo "Error: no test specified" && exit 1' },
17 silly publish   repository:
17 silly publish    { type: 'git',
17 silly publish      url: 'git+https://github.com/Clever-Coding/parcel.git' },
17 silly publish   keywords: [ 'luxe' ],
17 silly publish   author: { name: 'Zénon Roy' },
17 silly publish   license: 'MIT',
17 silly publish   bugs: { url: 'https://github.com/Clever-Coding/parcel/issues' },
17 silly publish   homepage: 'https://github.com/Clever-Coding/parcel#readme',
17 silly publish   dependencies: { jsonfile: '^2.2.1' },
17 silly publish   gitHead: 'afe2eebb067d693fe3661f690f47f3834060129a',
17 silly publish   readme: 'ERROR: No README data found!',
17 silly publish   _id: 'parcel-luxe@1.0.0',
17 silly publish   _shasum: '337cc9face6ad931c6df4ddb7966f266cd036366',
17 silly publish   _from: '.' }
18 verbose getPublishConfig undefined
19 silly mapToRegistry name parcel-luxe
20 silly mapToRegistry using default registry
21 silly mapToRegistry registry https://registry.npmjs.org/
22 silly mapToRegistry uri https://registry.npmjs.org/parcel-luxe
23 verbose publish registryBase https://registry.npmjs.org/
24 silly publish uploading /home/clevercoding/.npm/parcel-luxe/1.0.0/package.tgz
25 verbose request uri https://registry.npmjs.org/parcel-luxe
26 verbose request sending authorization for write operation
27 info attempt registry request try #1 at 21:10:34
28 verbose request using bearer token for auth
29 verbose request id 88c586ec05aa8518
30 http request PUT https://registry.npmjs.org/parcel-luxe
31 http 403 https://registry.npmjs.org/parcel-luxe
32 verbose headers { 'content-type': 'application/json',
32 verbose headers   'cache-control': 'max-age=60',
32 verbose headers   'content-length': '95',
32 verbose headers   'accept-ranges': 'bytes',
32 verbose headers   date: 'Sat, 04 Jul 2015 01:10:39 GMT',
32 verbose headers   via: '1.1 varnish',
32 verbose headers   connection: 'keep-alive',
32 verbose headers   'x-served-by': 'cache-atl6227-ATL',
32 verbose headers   'x-cache': 'MISS',
32 verbose headers   'x-cache-hits': '0',
32 verbose headers   'x-timer': 'S1435972239.551972,VS0,VE363' }
33 verbose request invalidating /home/clevercoding/.npm/registry.npmjs.org/parcel-luxe on PUT
34 error publish Failed PUT 403
35 verbose stack Error: "You cannot publish over the previously published version 1.0.0." : parcel-luxe
35 verbose stack     at CachingRegistryClient.<anonymous> (/usr/local/lib/node_modules/npm/node_modules/npm-registry-client/lib/request.js:247:14)
35 verbose stack     at Request._callback (/usr/local/lib/node_modules/npm/node_modules/npm-registry-client/lib/request.js:170:14)
35 verbose stack     at Request.self.callback (/usr/local/lib/node_modules/npm/node_modules/request/request.js:354:22)
35 verbose stack     at Request.emit (events.js:110:17)
35 verbose stack     at Request.<anonymous> (/usr/local/lib/node_modules/npm/node_modules/request/request.js:1207:14)
35 verbose stack     at Request.emit (events.js:129:20)
35 verbose stack     at IncomingMessage.<anonymous> (/usr/local/lib/node_modules/npm/node_modules/request/request.js:1153:12)
35 verbose stack     at IncomingMessage.emit (events.js:129:20)
35 verbose stack     at _stream_readable.js:908:16
35 verbose stack     at process._tickCallback (node.js:355:11)
36 verbose statusCode 403
37 verbose pkgid parcel-luxe
38 verbose cwd /home/clevercoding/Desktop/parcel
39 error Linux 4.0.6-300.fc22.x86_64
40 error argv "/usr/local/bin/node" "/usr/local/bin/npm" "publish"
41 error node v0.12.5
42 error npm  v2.11.2
43 error code E403
44 error "You cannot publish over the previously published version 1.0.0." : parcel-luxe
45 error If you need help, you may report this error at:
45 error     <https://github.com/npm/npm/issues>
46 verbose exit [ 1, true ]
